make TARGET_MODE=release lib
make[1]: Entering directory '/home/user/barebone/20200917-1/AM335X_StarterWare_02_00_01_01/build/armv7a/gcc/am335x/beaglebone/enet_echo'
make[2]: Entering directory '/home/user/barebone/20200917-1/AM335X_StarterWare_02_00_01_01/build/armv7a/gcc/am335x/drivers'
mkdir -p Release
/home/user/cmpt433/linaro-gcc/gcc-arm-none-eabi-4_7-2012q4/bin/arm-none-eabi-gcc -mcpu=cortex-a8 -mtune=cortex-a8 -march=armv7-a -c  -mlong-calls -fdata-sections -funsigned-char -ffunction-sections -Wall -I../../../../..//include -I../../../../..//include/hw -I../../../../..//include/armv7a -I../../../../..//include/armv7a/am335x -I../../../../..//grlib/include -I../../../../..//usblib/include -I../../../../..//ipclite/include -I../../../../..//nandlib/include -I../../../../..//mmcsdlib/include -I../../../../..//bootloader/include -I../../../../../third_party/fatfs/src -I../../../../..//norlib/include -I"/home/user/cmpt433/linaro-gcc/gcc-arm-none-eabi-4_7-2012q4/include" -Dgcc -Dam335x  -D SUPPORT_UNALIGNED -D MMCSD -DUARTCONSOLE -g -O2 ../../../../..//drivers/dmtimer.c ../../../../..//drivers/uart_irda_cir.c ../../../../..//drivers/ecap.c ../../../../..//drivers/ehrpwm.c ../../../../..//drivers/mcspi.c ../../../../..//drivers/mcasp.c ../../../../..//drivers/mdio.c ../../../../..//drivers/phy.c ../../../../..//drivers/cpsw.c ../../../../..//drivers/hsi2c.c ../../../../..//drivers/gpio_v2.c ../../../../..//drivers/watchdog.c ../../../../..//drivers/edma.c ../../../../..//drivers/rtc.c ../../../../..//drivers/raster.c ../../../../..//drivers/gpmc.c ../../../../..//drivers/elm.c ../../../../..//drivers/tsc_adc.c ../../../../..//drivers/hs_mmcsd.c ../../../../..//drivers/mailbox.c ../../../../..//drivers/usb.c ../../../../..//drivers/cppi41dma.c ../../../../..//drivers/dcan.c ../../../../..//drivers/usbphyGS70.c	
/home/user/cmpt433/linaro-gcc/gcc-arm-none-eabi-4_7-2012q4/bin/arm-none-eabi-ar -c -r Release/libdrivers.a *.o*
make[2]: Leaving directory '/home/user/barebone/20200917-1/AM335X_StarterWare_02_00_01_01/build/armv7a/gcc/am335x/drivers'
make[2]: Entering directory '/home/user/barebone/20200917-1/AM335X_StarterWare_02_00_01_01/build/armv7a/gcc/am335x/beaglebone/platform'
mkdir -p Release
/home/user/cmpt433/linaro-gcc/gcc-arm-none-eabi-4_7-2012q4/bin/arm-none-eabi-gcc -mcpu=cortex-a8 -mtune=cortex-a8 -march=armv7-a -c  -mlong-calls -fdata-sections -funsigned-char -ffunction-sections -Wall -I../../../../../..//include -I../../../../../..//include/hw -I../../../../../..//include/armv7a -I../../../../../..//include/armv7a/am335x -I../../../../../..//grlib/include -I../../../../../..//usblib/include -I../../../../../..//ipclite/include -I../../../../../..//nandlib/include -I../../../../../..//mmcsdlib/include -I../../../../../..//bootloader/include -I../../../../../../third_party/fatfs/src -I../../../../../..//norlib/include -I"/home/user/cmpt433/linaro-gcc/gcc-arm-none-eabi-4_7-2012q4/include" -Dgcc -Dam335x -Dbeaglebone -D SUPPORT_UNALIGNED -D MMCSD -DUARTCONSOLE -g -O2 ../../../../../..//platform/beaglebone/*.c	
/home/user/cmpt433/linaro-gcc/gcc-arm-none-eabi-4_7-2012q4/bin/arm-none-eabi-ar -c -r Release/libplatform.a *.o*
make[2]: Leaving directory '/home/user/barebone/20200917-1/AM335X_StarterWare_02_00_01_01/build/armv7a/gcc/am335x/beaglebone/platform'
make[2]: Entering directory '/home/user/barebone/20200917-1/AM335X_StarterWare_02_00_01_01/build/armv7a/gcc/am335x/system_config'
mkdir -p Release
/home/user/cmpt433/linaro-gcc/gcc-arm-none-eabi-4_7-2012q4/bin/arm-none-eabi-gcc -mcpu=cortex-a8 -mtune=cortex-a8 -march=armv7-a -c  -mlong-calls -fdata-sections -funsigned-char -ffunction-sections -Wall -I../../../../..//include -I../../../../..//include/hw -I../../../../..//include/armv7a -I../../../../..//include/armv7a/am335x -I../../../../..//grlib/include -I../../../../..//usblib/include -I../../../../..//ipclite/include -I../../../../..//nandlib/include -I../../../../..//mmcsdlib/include -I../../../../..//bootloader/include -I../../../../../third_party/fatfs/src -I../../../../..//norlib/include -I"/home/user/cmpt433/linaro-gcc/gcc-arm-none-eabi-4_7-2012q4/include" -Dgcc -Dam335x  -D SUPPORT_UNALIGNED -D MMCSD -DUARTCONSOLE -mfpu=neon -mfloat-abi=softfp -g -O2 ../../../../..//system_config/armv7a/mmu.c ../../../../..//system_config/armv7a/cache.c ../../../../..//system_config/armv7a/gcc/cpu.c ../../../../..//system_config/armv7a/gcc/cp15.S ../../../../..//system_config/armv7a/gcc/init.S ../../../../..//system_config/armv7a/am335x/interrupt.c ../../../../..//system_config/armv7a/am335x/startup.c ../../../../..//system_config/armv7a/am335x/clock.c ../../../../..//system_config/armv7a/am335x/device.c ../../../../..//system_config/armv7a/am335x/gcc/exceptionhandler.S
/home/user/cmpt433/linaro-gcc/gcc-arm-none-eabi-4_7-2012q4/bin/arm-none-eabi-ar -c -r Release/libsystem_config.a *.o*
make[2]: Leaving directory '/home/user/barebone/20200917-1/AM335X_StarterWare_02_00_01_01/build/armv7a/gcc/am335x/system_config'
make[2]: Entering directory '/home/user/barebone/20200917-1/AM335X_StarterWare_02_00_01_01/build/armv7a/gcc/utils'
mkdir -p Release
/home/user/cmpt433/linaro-gcc/gcc-arm-none-eabi-4_7-2012q4/bin/arm-none-eabi-gcc -mcpu=cortex-a8 -mtune=cortex-a8 -march=armv7-a -c  -mlong-calls -fdata-sections -funsigned-char -ffunction-sections -Wall -I../../../..//include -I../../../..//include/hw -I../../../..//include/armv7a -I../../../..//include/armv7a/ -I../../../..//grlib/include -I../../../..//usblib/include -I../../../..//ipclite/include -I../../../..//nandlib/include -I../../../..//mmcsdlib/include -I../../../..//bootloader/include -I../../../../third_party/fatfs/src -I../../../..//norlib/include -I"/home/user/cmpt433/linaro-gcc/gcc-arm-none-eabi-4_7-2012q4/include" -Dgcc   -D SUPPORT_UNALIGNED -D MMCSD -DUARTCONSOLE -g -O2 ../../../..//utils/ascii.c ../../../..//utils/cmdline.c ../../../..//utils/delay.c ../../../..//utils/perf.c ../../../..//utils/systick.c ../../../..//utils/misc.c ../../../..//utils/uartStdio.c ../../../..//utils/board.c ../../../..//utils/consoleUtils.c
/home/user/cmpt433/linaro-gcc/gcc-arm-none-eabi-4_7-2012q4/bin/arm-none-eabi-ar -c -r Release/libutils.a *.o*
make[2]: Leaving directory '/home/user/barebone/20200917-1/AM335X_StarterWare_02_00_01_01/build/armv7a/gcc/utils'
make[2]: Entering directory '/home/user/barebone/20200917-1/AM335X_StarterWare_02_00_01_01/build/armv7a/gcc/mmcsdlib'
mkdir -p Release
/home/user/cmpt433/linaro-gcc/gcc-arm-none-eabi-4_7-2012q4/bin/arm-none-eabi-gcc -mcpu=cortex-a8 -mtune=cortex-a8 -march=armv7-a -c  -mlong-calls -fdata-sections -funsigned-char -ffunction-sections -Wall -I../../../..//include -I../../../..//include/hw -I../../../..//include/armv7a -I../../../..//include/armv7a/ -I../../../..//grlib/include -I../../../..//usblib/include -I../../../..//ipclite/include -I../../../..//nandlib/include -I../../../..//mmcsdlib/include -I../../../..//bootloader/include -I../../../../third_party/fatfs/src -I../../../..//norlib/include -I"/home/user/cmpt433/linaro-gcc/gcc-arm-none-eabi-4_7-2012q4/include" -Dgcc   -D SUPPORT_UNALIGNED -D MMCSD -DUARTCONSOLE -g -O2 ../../../..//mmcsdlib/*.c
/home/user/cmpt433/linaro-gcc/gcc-arm-none-eabi-4_7-2012q4/bin/arm-none-eabi-ar -c -r Release/libmmcsd.a *.o*
make[2]: Leaving directory '/home/user/barebone/20200917-1/AM335X_StarterWare_02_00_01_01/build/armv7a/gcc/mmcsdlib'
make[1]: Leaving directory '/home/user/barebone/20200917-1/AM335X_StarterWare_02_00_01_01/build/armv7a/gcc/am335x/beaglebone/enet_echo'
make TARGET_MODE=Release lwip
make[1]: Entering directory '/home/user/barebone/20200917-1/AM335X_StarterWare_02_00_01_01/build/armv7a/gcc/am335x/beaglebone/enet_echo'
/home/user/cmpt433/linaro-gcc/gcc-arm-none-eabi-4_7-2012q4/bin/arm-none-eabi-gcc -mcpu=cortex-a8 -mtune=cortex-a8 -march=armv7-a -c -g -O2 -mlong-calls -fdata-sections -funsigned-char -ffunction-sections -Wall -I../../../../../..//include -I../../../../../..//include/hw -I../../../../../..//include/armv7a -I../../../../../..//include/armv7a/am335x -I../../../../../..//grlib/include -I../../../../../..//usblib/include -I../../../../../..//ipclite/include -I../../../../../..//nandlib/include -I../../../../../..//mmcsdlib/include -I../../../../../..//bootloader/include -I../../../../../../third_party/fatfs/src -I../../../../../..//norlib/include -I"/home/user/cmpt433/linaro-gcc/gcc-arm-none-eabi-4_7-2012q4/include" -Dgcc -Dam335x -Dbeaglebone -D SUPPORT_UNALIGNED -D MMCSD -DUARTCONSOLE -I../../../../../../third_party/lwip-1.4.0 -I../../../../../../third_party/lwip-1.4.0/src/include -I../../../../../../third_party/lwip-1.4.0/src/include/ipv4 -I../../../../../../third_party/lwip-1.4.0/src/include/lwip -I../../../../../../third_party/lwip-1.4.0/ports/cpsw/include -I../../../../../../third_party/lwip-1.4.0/apps/echoserver_raw -I../../../../../../examples/beaglebone/enet_echo/ -I../../../../../../third_party/lwip-1.4.0 -I../../../../../../third_party/lwip-1.4.0/src/include -I../../../../../../third_party/lwip-1.4.0/src/include/ipv4 -I../../../../../../third_party/lwip-1.4.0/src/include/lwip -I../../../../../../third_party/lwip-1.4.0/ports/cpsw/include -I../../../../../../third_party/lwip-1.4.0/apps/echoserver_raw -I../../../../../../examples/beaglebone/enet_echo/ ../../../../../../third_party/lwip-1.4.0/apps/echoserver_raw/echod.c
../../../../../../third_party/lwip-1.4.0/apps/echoserver_raw/echod.c:132:13: warning: 'UartInterruptEnable' defined but not used [-Wunused-function]
/home/user/cmpt433/linaro-gcc/gcc-arm-none-eabi-4_7-2012q4/bin/arm-none-eabi-gcc -mcpu=cortex-a8 -mtune=cortex-a8 -march=armv7-a -c -g -O2 -mlong-calls -fdata-sections -funsigned-char -ffunction-sections -Wall -I../../../../../..//include -I../../../../../..//include/hw -I../../../../../..//include/armv7a -I../../../../../..//include/armv7a/am335x -I../../../../../..//grlib/include -I../../../../../..//usblib/include -I../../../../../..//ipclite/include -I../../../../../..//nandlib/include -I../../../../../..//mmcsdlib/include -I../../../../../..//bootloader/include -I../../../../../../third_party/fatfs/src -I../../../../../..//norlib/include -I"/home/user/cmpt433/linaro-gcc/gcc-arm-none-eabi-4_7-2012q4/include" -Dgcc -Dam335x -Dbeaglebone -D SUPPORT_UNALIGNED -D MMCSD -DUARTCONSOLE -I../../../../../../third_party/lwip-1.4.0 -I../../../../../../third_party/lwip-1.4.0/src/include -I../../../../../../third_party/lwip-1.4.0/src/include/ipv4 -I../../../../../../third_party/lwip-1.4.0/src/include/lwip -I../../../../../../third_party/lwip-1.4.0/ports/cpsw/include -I../../../../../../third_party/lwip-1.4.0/apps/echoserver_raw -I../../../../../../examples/beaglebone/enet_echo/ -I../../../../../../third_party/lwip-1.4.0 -I../../../../../../third_party/lwip-1.4.0/src/include -I../../../../../../third_party/lwip-1.4.0/src/include/ipv4 -I../../../../../../third_party/lwip-1.4.0/src/include/lwip -I../../../../../../third_party/lwip-1.4.0/ports/cpsw/include -I../../../../../../third_party/lwip-1.4.0/apps/echoserver_raw -I../../../../../../examples/beaglebone/enet_echo/ ../../../../../../third_party/lwip-1.4.0/ports/cpsw/lwiplib.c
make[1]: Leaving directory '/home/user/barebone/20200917-1/AM335X_StarterWare_02_00_01_01/build/armv7a/gcc/am335x/beaglebone/enet_echo'
make TARGET_MODE=Release bin
make[1]: Entering directory '/home/user/barebone/20200917-1/AM335X_StarterWare_02_00_01_01/build/armv7a/gcc/am335x/beaglebone/enet_echo'
/home/user/cmpt433/linaro-gcc/gcc-arm-none-eabi-4_7-2012q4/bin/arm-none-eabi-gcc  -mcpu=cortex-a8 -mtune=cortex-a8 -march=armv7-a -c -g -O2 -mlong-calls -fdata-sections -funsigned-char -ffunction-sections -Wall -I../../../../../..//include -I../../../../../..//include/hw -I../../../../../..//include/armv7a -I../../../../../..//include/armv7a/am335x -I../../../../../..//grlib/include -I../../../../../..//usblib/include -I../../../../../..//ipclite/include -I../../../../../..//nandlib/include -I../../../../../..//mmcsdlib/include -I../../../../../..//bootloader/include -I../../../../../../third_party/fatfs/src -I../../../../../..//norlib/include -I"/home/user/cmpt433/linaro-gcc/gcc-arm-none-eabi-4_7-2012q4/include" -Dgcc -Dam335x -Dbeaglebone -D SUPPORT_UNALIGNED -D MMCSD -DUARTCONSOLE -I../../../../../../third_party/lwip-1.4.0 -I../../../../../../third_party/lwip-1.4.0/src/include -I../../../../../../third_party/lwip-1.4.0/src/include/ipv4 -I../../../../../../third_party/lwip-1.4.0/src/include/lwip -I../../../../../../third_party/lwip-1.4.0/ports/cpsw/include -I../../../../../../third_party/lwip-1.4.0/apps/echoserver_raw -I../../../../../../examples/beaglebone/enet_echo/ ../../../../../../examples/beaglebone/enet_echo//*.c 
../../../../../../examples/beaglebone/enet_echo//enetEcho.c: In function 'main':
../../../../../../examples/beaglebone/enet_echo//enetEcho.c:265:5: warning: implicit declaration of function 'uart_init' [-Wimplicit-function-declaration]
/home/user/cmpt433/linaro-gcc/gcc-arm-none-eabi-4_7-2012q4/bin/arm-none-eabi-ld -e Entry -u Entry -u __aeabi_uidiv -u __aeabi_idiv --gc-sections -L"/home/user/cmpt433/linaro-gcc/gcc-arm-none-eabi-4_7-2012q4/arm-none-eabi/lib/" -L"/home/user/cmpt433/linaro-gcc/gcc-arm-none-eabi-4_7-2012q4/lib/gcc/arm-none-eabi/4.7.3/" -L../../../../../..//binary/armv7a/gcc/am335x/drivers/Release -L../../../../../..//binary/armv7a/gcc/am335x/beaglebone/platform/Release -L../../../../../..//binary/armv7a/gcc/am335x/system_config/Release -L../../../../../..//binary/armv7a/gcc/am335x/ipclite/Release -L../../../../../..//binary/armv7a/gcc/utils/Release -L../../../../../..//binary/armv7a/gcc/am335x/usblib/Release -L../../../../../..//binary/armv7a/gcc/grlib/Release -L../../../../../..//binary/armv7a/gcc/nandlib/Release -L../../../../../..//binary/armv7a/gcc/mmcsdlib/Release -L/Release -o Release/enetEcho.out \
            -Map Release/enetEcho.map Release/*.o* \
            -ldrivers -lutils -lplatform -lsystem_config  -lc -lgcc -ldrivers -lutils -lplatform -lsystem_config  -lc -lgcc -T enetEcho.lds
/home/user/cmpt433/linaro-gcc/gcc-arm-none-eabi-4_7-2012q4/bin/arm-none-eabi-objcopy -O binary ../../../../../..//binary/armv7a/gcc/am335x/beaglebone/enet_echo/Release/enetEcho.out \
               ../../../../../..//binary/armv7a/gcc/am335x/beaglebone/enet_echo/Release/enetEcho.bin
cd ../../../../../..//tools/ti_image/; gcc tiimage.c -o a.out; cd -
/home/user/barebone/20200917-1/AM335X_StarterWare_02_00_01_01/build/armv7a/gcc/am335x/beaglebone/enet_echo
../../../../../..//tools/ti_image/a.out 0x80000000 NONE \
               ../../../../../..//binary/armv7a/gcc/am335x/beaglebone/enet_echo/Release/enetEcho.bin \
               ../../../../../..//binary/armv7a/gcc/am335x/beaglebone/enet_echo/Release/enetEcho_ti.bin; rm -rf ../../../../../..//tools/ti_image/a.out;

make[1]: Leaving directory '/home/user/barebone/20200917-1/AM335X_StarterWare_02_00_01_01/build/armv7a/gcc/am335x/beaglebone/enet_echo'
